<?xml version="1.0" encoding="UTF-8"?>
<!-- Generated by org.testng.reporters.JUnitReportReporter -->
<testsuite skipped="0" hostname="Lenovo-PC" name="TestNG_Project.DataWithData" tests="1" failures="0" timestamp="05 May 2019 10:27:55 GMT" time="95.945" errors="0">
  <testcase name="Registration_data" time="95.945" classname="TestNG_Project.DataWithData"/>
</testsuite> <!-- TestNG_Project.DataWithData -->
